{"/home/ec2-user/environment/aula-docker/conchayoro/backend/src/products/products.controller.ts": {"path":"/home/ec2-user/environment/aula-docker/conchayoro/backend/src/products/products.controller.ts","statementMap":{"0":{"start":{"line":1,"column":0},"end":{"line":1,"column":null}},"1":{"start":{"line":10,"column":0},"end":{"line":10,"column":53}},"2":{"start":{"line":11,"column":0},"end":{"line":11,"column":60}},"3":{"start":{"line":12,"column":0},"end":{"line":12,"column":60}},"4":{"start":{"line":15,"column":7},"end":{"line":44,"column":null}},"5":{"start":{"line":16,"column":30},"end":{"line":16,"column":47}},"6":{"start":{"line":19,"column":2},"end":{"line":19,"column":55}},"7":{"start":{"line":23,"column":2},"end":{"line":23,"column":40}},"8":{"start":{"line":27,"column":2},"end":{"line":27,"column":42}},"9":{"start":{"line":31,"column":2},"end":{"line":31,"column":55}},"10":{"start":{"line":38,"column":2},"end":{"line":38,"column":59}},"11":{"start":{"line":42,"column":2},"end":{"line":42,"column":41}},"12":{"start":{"line":15,"column":13},"end":{"line":15,"column":31}},"13":{"start":{"line":18,"column":1},"end":{"line":20,"column":null}},"14":{"start":{"line":22,"column":1},"end":{"line":24,"column":null}},"15":{"start":{"line":26,"column":1},"end":{"line":28,"column":null}},"16":{"start":{"line":30,"column":1},"end":{"line":32,"column":null}},"17":{"start":{"line":34,"column":1},"end":{"line":39,"column":null}},"18":{"start":{"line":41,"column":1},"end":{"line":43,"column":null}},"19":{"start":{"line":15,"column":13},"end":{"line":44,"column":null}}},"fnMap":{"0":{"name":"(anonymous_4)","decl":{"start":{"line":16,"column":1},"end":{"line":16,"column":30}},"loc":{"start":{"line":16,"column":62},"end":{"line":16,"column":66}}},"1":{"name":"(anonymous_5)","decl":{"start":{"line":18,"column":1},"end":{"line":18,"column":7}},"loc":{"start":{"line":18,"column":50},"end":{"line":20,"column":2}}},"2":{"name":"(anonymous_6)","decl":{"start":{"line":22,"column":1},"end":{"line":22,"column":8}},"loc":{"start":{"line":22,"column":8},"end":{"line":24,"column":2}}},"3":{"name":"(anonymous_7)","decl":{"start":{"line":26,"column":1},"end":{"line":26,"column":8}},"loc":{"start":{"line":26,"column":32},"end":{"line":28,"column":2}}},"4":{"name":"(anonymous_8)","decl":{"start":{"line":30,"column":1},"end":{"line":30,"column":15}},"loc":{"start":{"line":30,"column":37},"end":{"line":32,"column":2}}},"5":{"name":"(anonymous_9)","decl":{"start":{"line":34,"column":1},"end":{"line":34,"column":7}},"loc":{"start":{"line":36,"column":44},"end":{"line":39,"column":2}}},"6":{"name":"(anonymous_10)","decl":{"start":{"line":41,"column":1},"end":{"line":41,"column":7}},"loc":{"start":{"line":41,"column":31},"end":{"line":43,"column":2}}}},"branchMap":{},"s":{"0":1,"1":1,"2":1,"3":1,"4":1,"5":6,"6":1,"7":1,"8":1,"9":1,"10":1,"11":1,"12":1,"13":1,"14":1,"15":1,"16":1,"17":1,"18":1,"19":1},"f":{"0":6,"1":1,"2":1,"3":1,"4":1,"5":1,"6":1},"b":{}}
}
